<?xml version="1.0" encoding="UTF-8"?>
<!-- Generated by org.testng.reporters.JUnitReportReporter -->
<testsuite hostname="LAPTOP-H36A1LHH" failures="0" tests="3" name="shopping.Shopping.LoginPageDataProvider" time="78.127" errors="0" timestamp="2019-03-17T23:52:13 AEDT" skipped="0">
  <testcase classname="shopping.Shopping.LoginPageDataProvider" name="login" time="22.851"/>
  <testcase classname="shopping.Shopping.LoginPageDataProvider" name="login" time="33.146"/>
  <testcase classname="shopping.Shopping.LoginPageDataProvider" name="login" time="22.130"/>
</testsuite> <!-- shopping.Shopping.LoginPageDataProvider -->
