<?xml version="1.0" encoding="UTF-8"?>
<!-- Generated by org.testng.reporters.JUnitReportReporter -->
<testsuite hostname="LAPTOP-H36A1LHH" failures="0" tests="2" name="shopping.Shopping.EbayTestScripts" time="45.923" errors="0" timestamp="2022-01-30T15:27:39 AEDT" skipped="0">
  <testcase classname="shopping.Shopping.EbayTestScripts" name="login1" time="9.470"/>
  <testcase classname="shopping.Shopping.EbayTestScripts" name="login" time="36.453"/>
</testsuite> <!-- shopping.Shopping.EbayTestScripts -->
